<?xml version="1.0" encoding="UTF-8"?>
<!-- Generated by org.testng.reporters.JUnitXMLReporter -->
<testsuite ignored="0" hostname="DESKTOP-O5LMJ49" failures="0" tests="3" name="Default test" time="203.222" errors="0" timestamp="2025-10-15T11:21:33 IST">
  <testcase classname="com.coursera.tests.CourseraTests" name="testCourseraAutomation" time="58.797"/>
  <testcase classname="com.coursera.tests.CourseraTests" name="testCourseraAutomation" time="57.873"/>
  <testcase classname="com.coursera.tests.CourseraTests" name="testCourseraAutomation" time="57.598"/>
</testsuite> <!-- Default test -->
