<?xml version="1.0" encoding="UTF-8"?>
<!-- Generated by org.testng.reporters.JUnitXMLReporter -->
<testsuite ignored="0" hostname="DESKTOP-O5LMJ49" failures="1" tests="3" name="EnterpriseFormValidation" time="86.517" errors="0" timestamp="2025-10-21T16:02:45 IST">
  <testcase classname="com.coursera.tests.EnterpriseFormTest" name="TC001_FillFormWithValidData" time="25.841"/>
  <testcase classname="com.coursera.tests.EnterpriseFormTest" name="TC002_FillFormWithInvalidEmail" time="25.661"/>
  <testcase classname="com.coursera.tests.EnterpriseFormTest" name="TC003_PhoneNumberValidation" time="25.739">
    <failure type="java.lang.AssertionError" message="Phone field should not accept less than 10 digits but it did">
      <![CDATA[java.lang.AssertionError: Phone field should not accept less than 10 digits but it did
at com.coursera.tests.EnterpriseFormTest.TC003_PhoneNumberValidation(EnterpriseFormTest.java:80)
at java.base/java.util.ArrayList.forEach(ArrayList.java:1596)
... Removed 26 stack frames]]>
    </failure>
  </testcase> <!-- TC003_PhoneNumberValidation -->
</testsuite> <!-- EnterpriseFormValidation -->
