<?xml version="1.0" encoding="UTF-8"?>
<!-- Generated by org.testng.reporters.JUnitXMLReporter -->
<testsuite ignored="0" hostname="DESKTOP-O5LMJ49" failures="0" tests="2" name="LanguageLearningExtraction" time="10.292" errors="0" timestamp="2025-10-21T16:02:55 IST">
  <testcase classname="com.coursera.tests.LanguageLearningTest" name="TC001_ExpandLanguageOptions" time="2.178"/>
  <testcase classname="com.coursera.tests.LanguageLearningTest" name="TC002_ExtractLanguagesAndLevels" time="0.589"/>
</testsuite> <!-- LanguageLearningExtraction -->
