<?xml version="1.0" encoding="UTF-8"?>
<!-- Generated by org.testng.reporters.JUnitXMLReporter -->
<testsuite ignored="0" hostname="DESKTOP-O5LMJ49" failures="0" tests="4" name="WebDevelopmentCourseSearch" time="144.756" errors="0" timestamp="2025-10-21T17:23:43 IST">
  <testcase classname="com.coursera.tests.WebDevCourseSearchTest" name="TC001_ValidWebDevCourseSearch" time="10.464"/>
  <testcase classname="com.coursera.tests.WebDevCourseSearchTest" name="TC002_ExtractFirstTwoCourses" time="24.33"/>
  <testcase classname="com.coursera.tests.WebDevCourseSearchTest" name="TC003_FilterValidation" time="11.807"/>
  <testcase classname="com.coursera.tests.WebDevCourseSearchTest" name="TC004_NoResultsHandling" time="17.638"/>
</testsuite> <!-- WebDevelopmentCourseSearch -->
