<?xml version="1.0" encoding="UTF-8"?>
<!-- Generated by org.testng.reporters.JUnitXMLReporter -->
<testsuite ignored="0" hostname="LTIN590472" failures="1" tests="3" name="EnterpriseFormValidation" time="141.163" errors="0" timestamp="2025-10-22T12:16:18 IST">
  <testcase classname="com.coursera.tests.EnterpriseFormTest" name="TC001_FillFormWithValidData" time="40.915"/>
  <testcase classname="com.coursera.tests.EnterpriseFormTest" name="TC002_FillFormWithInvalidEmail" time="41.584"/>
  <testcase classname="com.coursera.tests.EnterpriseFormTest" name="TC003_PhoneNumberValidation" time="41.797">
    <failure type="java.lang.AssertionError" message="Phone field should not accept less than 10 digits but it did">
      <![CDATA[java.lang.AssertionError: Phone field should not accept less than 10 digits but it did
at com.coursera.tests.EnterpriseFormTest.TC003_PhoneNumberValidation(EnterpriseFormTest.java:97)
at java.base/java.util.ArrayList.forEach(ArrayList.java:1596)
... Removed 26 stack frames]]>
    </failure>
  </testcase> <!-- TC003_PhoneNumberValidation -->
</testsuite> <!-- EnterpriseFormValidation -->
