<?xml version="1.0" encoding="UTF-8"?>
<!-- Generated by org.testng.reporters.JUnitXMLReporter -->
<testsuite ignored="0" hostname="DESKTOP-O5LMJ49" failures="0" tests="3" name="EnterpriseFormValidation" time="0.239" errors="0" timestamp="2025-10-21T17:59:28 IST">
  <testcase classname="com.coursera.tests.EnterpriseFormTest" name="@BeforeClass setUp" time="0.04">
    <failure type="java.lang.NoClassDefFoundError" message="com/aventstack/extentreports/reporter/ExtentSparkReporter">
      <![CDATA[java.lang.NoClassDefFoundError: com/aventstack/extentreports/reporter/ExtentSparkReporter
at com.coursera.utils.ExtentManager.createInstance(ExtentManager.java:15)
at com.coursera.tests.EnterpriseFormTest.setUp(EnterpriseFormTest.java:28)
at java.base/java.util.ArrayList.forEach(ArrayList.java:1596)
Caused by: java.lang.ClassNotFoundException: com.aventstack.extentreports.reporter.ExtentSparkReporter
at java.base/jdk.internal.loader.BuiltinClassLoader.loadClass(BuiltinClassLoader.java:641)
at java.base/jdk.internal.loader.ClassLoaders$AppClassLoader.loadClass(ClassLoaders.java:188)
at java.base/java.lang.ClassLoader.loadClass(ClassLoader.java:526)
... 26 more
... Removed 23 stack frames]]>
    </failure>
  </testcase> <!-- @BeforeClass setUp -->
  <testcase classname="com.coursera.tests.EnterpriseFormTest" name="@AfterClass tearDown" time="0.0">
    <skipped/>
  </testcase> <!-- @AfterClass tearDown -->
  <testcase classname="com.coursera.tests.EnterpriseFormTest" name="TC001_FillFormWithValidData" time="0.001">
    <skipped/>
  </testcase> <!-- TC001_FillFormWithValidData -->
  <testcase classname="com.coursera.tests.EnterpriseFormTest" name="TC002_FillFormWithInvalidEmail" time="0.0">
    <skipped/>
  </testcase> <!-- TC002_FillFormWithInvalidEmail -->
  <testcase classname="com.coursera.tests.EnterpriseFormTest" name="TC003_PhoneNumberValidation" time="0.001">
    <skipped/>
  </testcase> <!-- TC003_PhoneNumberValidation -->
</testsuite> <!-- EnterpriseFormValidation -->
