<?xml version="1.0" encoding="UTF-8"?>
<!-- Generated by org.testng.reporters.JUnitXMLReporter -->
<testsuite ignored="0" hostname="LTIN590472" failures="1" tests="6" name="WebDevelopmentCourseSearch" time="191.274" errors="0" timestamp="2025-10-22T11:57:19 IST">
  <testcase classname="com.coursera.tests.WebDevCourseSearchTest" name="TC001_ValidWebDevCourseSearch" time="20.564"/>
  <testcase classname="com.coursera.tests.WebDevCourseSearchTest" name="TC002_ExtractFirstTwoCourses" time="23.976"/>
  <testcase classname="com.coursera.tests.WebDevCourseSearchTest" name="TC003_FilterValidation" time="19.21"/>
  <testcase classname="com.coursera.tests.WebDevCourseSearchTest" name="TC004_NoResultsHandling" time="29.437"/>
  <testcase classname="com.coursera.tests.WebDevCourseSearchTest" name="TC005_SearchWithInvalidTerm" time="15.003">
    <failure type="java.lang.AssertionError" message="Invalid search should show no results expected [true] but found [false]">
      <![CDATA[java.lang.AssertionError: Invalid search should show no results expected [true] but found [false]
at com.coursera.tests.WebDevCourseSearchTest.TC005_SearchWithInvalidTerm(WebDevCourseSearchTest.java:112)
at java.base/java.util.ArrayList.forEach(ArrayList.java:1596)
... Removed 28 stack frames]]>
    </failure>
  </testcase> <!-- TC005_SearchWithInvalidTerm -->
  <testcase classname="com.coursera.tests.WebDevCourseSearchTest" name="TC006_CourseDataFormat" time="11.617"/>
</testsuite> <!-- WebDevelopmentCourseSearch -->
