<?xml version="1.0" encoding="UTF-8"?>
<!-- Generated by org.testng.reporters.JUnitXMLReporter -->
<testsuite ignored="0" hostname="DESKTOP-O5LMJ49" failures="1" tests="3" name="BasicTest" time="27.346" errors="0" timestamp="2025-10-21T17:55:03 IST">
  <testcase classname="com.coursera.tests.CourseraTests" name="TC001_WebDevelopmentCourseSearch" time="4.828"/>
  <testcase classname="com.coursera.tests.CourseraTests" name="TC002_LanguageLearningExtraction" time="7.051"/>
  <testcase classname="com.coursera.tests.CourseraTests" name="TC003_EnterpriseFormValidation" time="8.288">
    <failure type="java.lang.AssertionError" message="TC003 FAILED - Phone field accepts invalid phone number (less than 10 digits)">
      <![CDATA[java.lang.AssertionError: TC003 FAILED - Phone field accepts invalid phone number (less than 10 digits)
at com.coursera.tests.CourseraTests.TC003_EnterpriseFormValidation(CourseraTests.java:44)
at java.base/java.util.ArrayList.forEach(ArrayList.java:1596)
... Removed 26 stack frames]]>
    </failure>
  </testcase> <!-- TC003_EnterpriseFormValidation -->
</testsuite> <!-- BasicTest -->
